<?xml version="1.0" encoding="UTF-8"?>
<testng-results ignored="0" total="4" passed="4" failed="0" skipped="0">
  <reporter-output>
    <line>
      <![CDATA[Hello JAVA]]>
    </line>
    <line>
      <![CDATA[Hello Selenium]]>
    </line>
    <line>
      <![CDATA[Hello PythonSelenium]]>
    </line>
    <line>
      <![CDATA[Hello Python]]>
    </line>
  </reporter-output>
  <suite started-at="2022-12-28T17:42:18 IST" name="Suite" finished-at="2022-12-28T17:42:18 IST" duration-ms="65">
    <groups>
    </groups>
    <test started-at="2022-12-28T17:42:18 IST" name="Test" finished-at="2022-12-28T17:42:18 IST" duration-ms="65">
      <class name="scripts.Tc3">
        <test-method signature="demo()[pri:0, instance:scripts.Tc3@3059cbc]" started-at="2022-12-28T17:42:18 IST" name="demo" finished-at="2022-12-28T17:42:18 IST" duration-ms="1" status="PASS">
          <reporter-output>
            <line>
              <![CDATA[Hello PythonSelenium]]>
            </line>
          </reporter-output>
        </test-method> <!-- demo -->
      </class> <!-- scripts.Tc3 -->
      <class name="scripts.Tc4">
        <test-method signature="demo()[pri:0, instance:scripts.Tc4@7ea9e1e2]" started-at="2022-12-28T17:42:18 IST" name="demo" finished-at="2022-12-28T17:42:18 IST" duration-ms="2" status="PASS">
          <reporter-output>
            <line>
              <![CDATA[Hello Python]]>
            </line>
          </reporter-output>
        </test-method> <!-- demo -->
      </class> <!-- scripts.Tc4 -->
      <class name="scripts.Tc1">
        <test-method signature="demo()[pri:0, instance:scripts.Tc1@50ad3bc1]" started-at="2022-12-28T17:42:18 IST" name="demo" finished-at="2022-12-28T17:42:18 IST" duration-ms="12" status="PASS">
          <reporter-output>
            <line>
              <![CDATA[Hello JAVA]]>
            </line>
          </reporter-output>
        </test-method> <!-- demo -->
      </class> <!-- scripts.Tc1 -->
      <class name="scripts.Tc2">
        <test-method signature="demo()[pri:0, instance:scripts.Tc2@6babf3bf]" started-at="2022-12-28T17:42:18 IST" name="demo" finished-at="2022-12-28T17:42:18 IST" duration-ms="2" status="PASS">
          <reporter-output>
            <line>
              <![CDATA[Hello Selenium]]>
            </line>
          </reporter-output>
        </test-method> <!-- demo -->
      </class> <!-- scripts.Tc2 -->
    </test> <!-- Test -->
  </suite> <!-- Suite -->
</testng-results>
